[2015-10-30 01:55:21] START
[2015-10-30 01:56:02] UPLOAD /home/wretzloff/web2py/applications/Swagbucks/modules/httpFunctions.py: 55
[2015-10-30 01:57:23] EDIT Swagbucks/modules/httpFunctions.py: 0
[2015-10-30 01:57:38] EDIT Swagbucks/modules/httpFunctions.py: -1
[2015-10-30 02:00:38] EDIT Swagbucks/controllers/default.py: 1
[2015-10-30 02:00:46] EDIT Swagbucks/controllers/default.py: 0
[2015-10-30 02:04:18] EDIT Swagbucks/controllers/default.py: 0
[2015-10-30 02:05:12] EDIT Swagbucks/controllers/default.py: 0
[2015-10-30 02:07:27] EDIT Swagbucks/controllers/default.py: 0
[2015-10-30 02:07:37] EDIT Swagbucks/controllers/default.py: 0
[2015-10-30 02:08:10] EDIT Swagbucks/controllers/default.py: 1
[2015-10-30 02:08:10] EDIT Swagbucks/controllers/default.py: 0
[2015-10-30 02:08:29] EDIT Swagbucks/controllers/default.py: 1
[2015-10-30 02:08:48] EDIT Swagbucks/controllers/default.py: 1
[2015-10-30 02:09:10] EDIT Swagbucks/controllers/default.py: -1
[2015-10-30 02:09:32] EDIT Swagbucks/controllers/default.py: -6
[2015-10-30 02:11:39] EDIT Swagbucks/controllers/default.py: 1
[2015-10-30 02:14:20] EDIT Swagbucks/controllers/default.py: 4
[2015-10-30 02:14:36] EDIT Swagbucks/controllers/default.py: -3
[2015-10-30 02:14:57] EDIT Swagbucks/controllers/default.py: 0
[2015-10-30 02:15:11] EDIT Swagbucks/controllers/default.py: 0
[2015-10-30 02:16:22] EDIT Swagbucks/controllers/default.py: 7
[2015-10-30 02:16:49] EDIT Swagbucks/controllers/default.py: 4
[2015-10-30 02:17:21] EDIT Swagbucks/controllers/default.py: 1
[2015-10-30 02:17:45] EDIT Swagbucks/controllers/default.py: 0
[2015-10-30 02:18:16] EDIT Swagbucks/controllers/default.py: 5
[2015-10-30 02:55:09] EDIT Swagbucks/controllers/default.py: -3
[2015-10-30 02:56:22] EDIT Swagbucks/controllers/default.py: 1
[2015-10-30 03:22:46] EDIT Swagbucks/controllers/default.py: 1
[2015-10-30 13:56:09] EDIT Swagbucks/controllers/default.py: 0
[2015-10-30 13:57:12] EDIT Swagbucks/controllers/default.py: 0
[2015-10-30 14:04:12] EDIT Swagbucks/controllers/default.py: -2
[2015-10-30 14:09:27] EDIT Swagbucks/controllers/default.py: 0
[2015-10-30 14:10:07] EDIT Swagbucks/controllers/default.py: -1
[2015-10-30 14:11:15] EDIT Swagbucks/controllers/default.py: -1
[2015-10-30 14:11:46] EDIT Swagbucks/controllers/default.py: 1
[2015-10-30 14:41:06] EDIT Swagbucks/modules/httpFunctions.py: 0
[2015-10-30 14:41:45] EDIT Swagbucks/modules/httpFunctions.py: 1
[2015-10-30 14:42:00] EDIT Swagbucks/modules/httpFunctions.py: -1
[2015-10-30 14:54:29] EDIT Swagbucks/controllers/default.py: 1
[2015-10-30 14:54:41] EDIT Swagbucks/controllers/default.py: -1
[2015-10-30 15:25:49] EDIT Swagbucks/modules/httpFunctions.py: 0
[2015-10-30 15:26:16] EDIT Swagbucks/modules/httpFunctions.py: 1
[2015-10-30 15:26:31] EDIT Swagbucks/modules/httpFunctions.py: -1
[2015-10-30 15:27:25] EDIT Swagbucks/modules/httpFunctions.py: 0
[2015-10-30 15:29:53] EDIT Swagbucks/modules/httpFunctions.py: 1
[2015-10-30 15:30:12] EDIT Swagbucks/modules/httpFunctions.py: -1
[2015-10-30 15:31:31] EDIT Swagbucks/controllers/default.py: -7
[2015-10-30 15:31:46] EDIT Swagbucks/controllers/default.py: -1
[2015-10-30 15:37:51] EDIT Swagbucks/controllers/default.py: 0
[2015-10-30 15:38:19] EDIT Swagbucks/controllers/default.py: 1
[2015-10-30 15:38:39] EDIT Swagbucks/controllers/default.py: 1
[2015-10-30 15:40:10] EDIT Swagbucks/controllers/default.py: 5
[2015-10-30 15:41:24] EDIT Swagbucks/modules/httpFunctions.py: 1
[2015-10-30 16:04:31] EDIT Swagbucks/controllers/default.py: 1
[2015-10-30 16:09:47] EDIT Swagbucks/controllers/default.py: 0
[2015-10-30 16:09:58] EDIT Swagbucks/controllers/default.py: 0
[2015-10-30 18:26:04] EDIT Swagbucks/modules/httpFunctions.py: 3
[2015-10-30 18:32:03] EDIT Swagbucks/modules/httpFunctions.py: -3
[2015-10-31 11:35:00] EDIT swagbucks/controllers/default.py: 1
[2015-10-31 11:35:50] EDIT swagbucks/controllers/default.py: -6
[2015-10-31 11:36:21] EDIT swagbucks/controllers/default.py: 0
[2015-10-31 11:36:30] EDIT swagbucks/controllers/default.py: 0
[2015-10-31 11:37:26] EDIT swagbucks/controllers/default.py: 0
[2015-10-31 11:38:30] EDIT swagbucks/controllers/default.py: 0
[2015-10-31 11:39:29] EDIT swagbucks/controllers/default.py: -7
[2015-10-31 12:11:55] EDIT swagbucks/controllers/default.py: -1
[2015-10-31 12:16:38] EDIT swagbucks/controllers/default.py: 1
[2015-10-31 12:19:33] EDIT swagbucks/controllers/default.py: 1
[2015-10-31 12:24:12] EDIT swagbucks/controllers/default.py: 4
[2015-10-31 12:24:14] EDIT swagbucks/controllers/default.py: 0
[2015-10-31 12:24:35] EDIT swagbucks/controllers/default.py: 0
[2015-10-31 12:24:41] EDIT swagbucks/controllers/default.py: 0
[2015-10-31 12:24:52] EDIT swagbucks/controllers/default.py: 0
[2015-10-31 12:25:16] EDIT swagbucks/controllers/default.py: 0
[2015-10-31 12:25:24] EDIT swagbucks/controllers/default.py: 0
[2015-10-31 12:25:30] EDIT swagbucks/controllers/default.py: 0
[2015-10-31 12:25:39] EDIT swagbucks/controllers/default.py: 0
[2015-10-31 12:26:24] EDIT swagbucks/controllers/default.py: -6
[2015-10-31 12:28:55] EDIT swagbucks/controllers/default.py: 1
[2015-10-31 12:30:12] EDIT swagbucks/controllers/default.py: -3
[2015-10-31 12:47:16] EDIT sb/modules/httpFunctions.py: 1
[2015-10-31 12:47:42] EDIT sb/controllers/default.py: 1
[2015-10-31 12:47:58] EDIT sb/controllers/default.py: 1
[2015-10-31 12:48:01] EDIT sb/controllers/default.py: 0
[2015-10-31 12:49:23] EDIT sb/controllers/default.py: 1
[2015-10-31 12:49:35] EDIT sb/controllers/default.py: 1
[2015-10-31 12:49:57] EDIT sb/controllers/default.py: 1
[2015-10-31 12:50:27] EDIT sb/controllers/default.py: 1
[2015-10-31 12:52:25] EDIT sb/controllers/default.py: 0
[2015-10-31 12:52:47] EDIT sb/controllers/default.py: -1
[2015-10-31 12:53:03] EDIT sb/controllers/default.py: 2
[2015-10-31 13:33:41] EDIT sb/controllers/default.py: 0
[2015-10-31 13:34:16] EDIT sb/controllers/default.py: -3
[2015-10-31 13:52:04] EDIT sb/controllers/default.py: 0
[2015-10-31 13:55:07] EDIT sb/controllers/default.py: 1
[2015-10-31 13:55:46] EDIT sb/controllers/default.py: 1
[2015-10-31 13:55:59] EDIT sb/controllers/default.py: 0
[2015-10-31 13:56:27] EDIT sb/controllers/default.py: 0
[2015-10-31 13:57:22] EDIT sb/controllers/default.py: 0
[2015-10-31 13:57:33] EDIT sb/controllers/default.py: 1
[2015-10-31 13:57:47] EDIT sb/controllers/default.py: 0
[2015-10-31 14:03:17] EDIT sb/controllers/default.py: 0
[2015-10-31 14:04:07] EDIT sb/controllers/default.py: 1
[2015-10-31 14:04:27] EDIT sb/controllers/default.py: 0
[2015-10-31 14:07:09] EDIT sb/controllers/default.py: -1
[2015-10-31 14:08:47] EDIT sb/controllers/default.py: 0
[2015-10-31 14:09:23] EDIT sb/controllers/default.py: 0
[2015-10-31 14:09:40] EDIT sb/controllers/default.py: 0
[2015-10-31 14:13:10] EDIT sb/controllers/default.py: 0
[2015-10-31 14:13:23] EDIT sb/controllers/default.py: 0
[2015-10-31 14:13:34] EDIT sb/controllers/default.py: 0
[2015-10-31 14:19:05] EDIT sb/controllers/default.py: 1
[2015-10-31 14:20:39] EDIT sb/controllers/default.py: -1
[2015-10-31 14:24:03] EDIT sb/controllers/default.py: 0
[2015-10-31 14:24:09] EDIT sb/controllers/default.py: 0
[2015-10-31 14:24:25] EDIT sb/controllers/default.py: 0
[2015-10-31 14:24:39] EDIT sb/controllers/default.py: 1
[2015-10-31 14:35:45] EDIT sb/controllers/default.py: 0
[2015-10-31 14:36:01] EDIT sb/controllers/default.py: 0
[2015-10-31 14:36:48] EDIT sb/controllers/default.py: 1
[2015-10-31 14:37:23] EDIT sb/controllers/default.py: 0
[2015-10-31 14:37:41] EDIT sb/controllers/default.py: -2
[2015-10-31 14:37:50] EDIT sb/controllers/default.py: 0
[2015-10-31 14:41:41] EDIT sb/controllers/default.py: 2
[2015-10-31 14:44:59] EDIT sb/controllers/default.py: 1
[2015-10-31 14:45:19] EDIT sb/controllers/default.py: 1
[2015-10-31 14:45:24] EDIT sb/controllers/default.py: 0
[2015-10-31 14:45:39] EDIT sb/controllers/default.py: 0
[2015-10-31 14:45:52] EDIT sb/controllers/default.py: 0
[2015-10-31 14:50:27] EDIT sb/controllers/default.py: 0
[2015-10-31 15:10:52] EDIT sb/controllers/default.py: 0
[2015-10-31 15:12:07] EDIT sb/controllers/default.py: 0
[2015-10-31 15:13:03] EDIT sb/controllers/default.py: 0
[2015-10-31 15:13:18] EDIT sb/controllers/default.py: 1
[2015-10-31 15:41:42] EDIT sb/controllers/default.py: 0
[2015-10-31 16:41:54] EDIT sb/controllers/default.py: -10
[2015-10-31 16:42:25] EDIT sb/controllers/default.py: 1
[2015-10-31 16:42:38] EDIT sb/controllers/default.py: 1
[2015-10-31 16:44:09] EDIT sb/controllers/default.py: -2
[2015-10-31 16:44:16] EDIT sb/controllers/default.py: 0
[2015-10-31 17:02:57] CREATE temp.html: 0
[2015-10-31 17:03:04] EDIT sb/views/temp.html: 418
[2015-10-31 17:03:45] EDIT sb/controllers/default.py: 0
[2015-10-31 17:05:08] EDIT sb/controllers/default.py: 6
[2015-10-31 17:06:50] EDIT sb/controllers/default.py: -4
[2015-10-31 17:07:12] EDIT sb/controllers/default.py: 0
[2015-10-31 17:08:31] CREATE default/temp.html: 0
[2015-10-31 17:08:43] EDIT sb/views/default/temp.html: 418
[2015-10-31 17:08:51] DELETE sb/views/temp.html: -421
[2015-10-31 22:11:06] EDIT sb/controllers/default.py: 0
[2015-10-31 22:12:11] EDIT sb/controllers/default.py: 1
[2015-10-31 22:13:24] EDIT sb/controllers/default.py: 1
[2015-11-03 15:09:00] UPLOAD /home/wretzloff/web2py/applications/sb/private/example.html: 587
[2015-11-03 15:09:11] UPLOAD /home/wretzloff/web2py/applications/sb/private/example2.html: 46
[2015-11-03 15:28:16] EDIT sb/controllers/default.py: -4
[2015-11-03 15:28:19] EDIT sb/controllers/default.py: 0
[2015-11-03 15:28:48] EDIT sb/controllers/default.py: 11
[2015-11-03 15:28:56] EDIT sb/controllers/default.py: 0
[2015-11-03 15:29:02] EDIT sb/controllers/default.py: 0
[2015-11-03 15:29:59] EDIT sb/controllers/default.py: 4
[2015-11-03 15:30:25] EDIT sb/controllers/default.py: 0
[2015-11-03 15:30:38] EDIT sb/controllers/default.py: 0
[2015-11-03 15:31:32] EDIT sb/controllers/default.py: 0
[2015-11-03 15:31:48] EDIT sb/controllers/default.py: 0
[2015-11-03 15:31:59] EDIT sb/controllers/default.py: 0
[2015-11-03 15:32:37] EDIT sb/controllers/default.py: 2
[2015-11-03 15:33:23] EDIT sb/controllers/default.py: 0
[2015-11-03 15:33:37] EDIT sb/controllers/default.py: 0
[2015-11-03 15:33:39] EDIT sb/controllers/default.py: 1
[2015-11-03 15:33:51] EDIT sb/controllers/default.py: 0
[2015-11-03 15:34:16] EDIT sb/controllers/default.py: -1
[2015-11-03 16:12:39] EDIT sb/controllers/default.py: 1
[2015-11-03 16:18:54] EDIT sb/controllers/default.py: 1
[2015-11-03 16:19:26] EDIT sb/controllers/default.py: -3
[2015-11-03 16:20:03] EDIT sb/controllers/default.py: 0
[2015-11-03 16:20:23] EDIT sb/controllers/default.py: 0
[2015-11-03 16:20:28] EDIT sb/controllers/default.py: 0
[2015-11-03 17:14:30] EDIT sb/controllers/default.py: 0
[2015-11-03 17:14:46] EDIT sb/controllers/default.py: -1
[2015-11-03 17:46:26] EDIT sb/controllers/default.py: 0
[2015-11-03 17:47:33] EDIT sb/controllers/default.py: 1
[2015-11-03 17:47:59] EDIT sb/controllers/default.py: 0
[2015-11-03 17:48:12] EDIT sb/controllers/default.py: 0
[2015-11-03 17:48:16] EDIT sb/controllers/default.py: 0
[2015-11-03 17:48:22] EDIT sb/controllers/default.py: 0
[2015-11-03 17:48:28] EDIT sb/controllers/default.py: 0
[2015-11-03 17:48:35] EDIT sb/controllers/default.py: 0
[2015-11-03 17:48:42] EDIT sb/controllers/default.py: 0
[2015-11-03 17:49:04] EDIT sb/controllers/default.py: -1
[2015-11-03 17:49:08] EDIT sb/controllers/default.py: -1
[2015-11-03 17:49:46] EDIT sb/controllers/default.py: 2
[2015-11-03 17:49:47] EDIT sb/controllers/default.py: 0
[2015-11-03 17:50:00] EDIT sb/controllers/default.py: 0
[2015-11-03 17:50:18] EDIT sb/controllers/default.py: 0
[2015-11-03 17:50:20] EDIT sb/controllers/default.py: 0
[2015-11-03 17:50:34] EDIT sb/controllers/default.py: 0
[2015-11-03 17:50:44] EDIT sb/controllers/default.py: 1
[2015-11-03 17:51:54] EDIT sb/controllers/default.py: -34
[2015-11-03 17:52:10] EDIT sb/controllers/default.py: 1
[2015-11-03 17:52:23] EDIT sb/controllers/default.py: 1
[2015-11-03 17:52:33] EDIT sb/controllers/default.py: 0
[2015-11-03 17:52:46] EDIT sb/controllers/default.py: -2
[2015-11-03 17:53:02] EDIT sb/controllers/default.py: 0
[2015-11-03 17:53:20] EDIT sb/controllers/default.py: 1
[2015-11-03 17:53:24] EDIT sb/controllers/default.py: 0
[2015-11-03 17:53:33] EDIT sb/controllers/default.py: -1
[2015-11-03 17:53:46] EDIT sb/controllers/default.py: 0
[2015-11-03 17:53:55] EDIT sb/controllers/default.py: 0
[2015-11-03 17:54:05] EDIT sb/controllers/default.py: 0
[2015-11-03 17:54:15] EDIT sb/controllers/default.py: -1
[2015-11-03 17:54:23] EDIT sb/controllers/default.py: 0
[2015-11-03 17:54:39] EDIT sb/controllers/default.py: 0
[2015-11-03 17:54:43] EDIT sb/controllers/default.py: 0
[2015-11-03 18:00:22] EDIT sb/controllers/default.py: 0
[2015-11-03 18:01:13] EDIT sb/controllers/default.py: 0
[2015-11-03 18:01:15] EDIT sb/controllers/default.py: 0
[2015-11-03 18:01:20] EDIT sb/controllers/default.py: 0
[2015-11-03 18:03:31] EDIT sb/controllers/default.py: 1
[2015-11-03 18:04:35] EDIT sb/controllers/default.py: 2
[2015-11-03 18:05:16] EDIT sb/controllers/default.py: 2
[2015-11-03 18:05:29] EDIT sb/controllers/default.py: 0
[2015-11-03 18:05:33] EDIT sb/controllers/default.py: 0
[2015-11-03 18:05:56] EDIT sb/controllers/default.py: -1
[2015-11-03 18:06:07] EDIT sb/controllers/default.py: 0
[2015-11-03 18:06:31] EDIT sb/controllers/default.py: 1
[2015-11-03 18:06:59] EDIT sb/controllers/default.py: 0
[2015-11-03 18:07:50] EDIT sb/controllers/default.py: 0
[2015-11-03 18:07:58] EDIT sb/controllers/default.py: 0
[2015-11-03 18:08:09] EDIT sb/controllers/default.py: 0
[2015-11-03 18:08:17] EDIT sb/controllers/default.py: 0
[2015-11-03 18:09:30] EDIT sb/controllers/default.py: 1
[2015-11-03 18:15:12] EDIT sb/controllers/default.py: -1
[2015-11-03 18:16:25] EDIT sb/controllers/default.py: 1
[2015-11-03 18:16:32] EDIT sb/controllers/default.py: 0
[2015-11-03 18:17:22] EDIT sb/controllers/default.py: 0
[2015-11-03 18:19:39] EDIT sb/controllers/default.py: 0
[2015-11-03 18:19:58] EDIT sb/controllers/default.py: 0
[2015-11-03 18:20:09] EDIT sb/controllers/default.py: 0
[2015-11-03 18:20:12] EDIT sb/controllers/default.py: 0
[2015-11-03 18:21:03] EDIT sb/controllers/default.py: 0
[2015-11-03 18:21:09] EDIT sb/controllers/default.py: 0
[2015-11-03 18:21:42] EDIT sb/controllers/default.py: 0
[2015-11-03 18:28:49] EDIT sb/controllers/default.py: 2
[2015-11-03 18:28:58] EDIT sb/controllers/default.py: 0
[2015-11-03 18:29:33] EDIT sb/controllers/default.py: 2
[2015-11-03 18:29:43] EDIT sb/controllers/default.py: 0
[2015-11-03 18:29:48] EDIT sb/controllers/default.py: 0
[2015-11-03 18:30:21] EDIT sb/controllers/default.py: 1
[2015-11-03 18:30:34] EDIT sb/controllers/default.py: 1
[2015-11-03 18:31:02] EDIT sb/controllers/default.py: 1
[2015-11-03 18:31:16] EDIT sb/controllers/default.py: 1
[2015-11-03 18:31:23] EDIT sb/controllers/default.py: 0
[2015-11-03 18:31:26] EDIT sb/controllers/default.py: 0
[2015-11-03 18:31:41] EDIT sb/controllers/default.py: 0
[2015-11-03 18:32:13] EDIT sb/controllers/default.py: 0
[2015-11-03 18:38:37] EDIT sb/controllers/default.py: 0
[2015-11-03 18:40:17] EDIT sb/controllers/default.py: 0
[2015-11-04 13:47:51] EDIT sb/controllers/default.py: 1
[2015-11-04 13:48:42] EDIT sb/controllers/default.py: 2
[2015-11-04 13:48:51] EDIT sb/controllers/default.py: 0
[2015-11-04 13:49:19] EDIT sb/controllers/default.py: 0
[2015-11-04 13:49:27] EDIT sb/controllers/default.py: -1
[2015-11-04 13:50:41] EDIT sb/controllers/default.py: 0
[2015-11-04 13:56:27] EDIT sb/controllers/default.py: 1
[2015-11-04 13:58:00] EDIT sb/controllers/default.py: 1
[2015-11-04 14:00:54] EDIT sb/controllers/default.py: 1
[2015-11-04 14:02:33] EDIT sb/controllers/default.py: 1
[2015-11-04 14:02:48] EDIT sb/controllers/default.py: -1
[2015-11-04 14:03:04] EDIT sb/controllers/default.py: 0
[2015-11-04 14:03:13] EDIT sb/controllers/default.py: 0
[2015-11-04 14:03:26] EDIT sb/controllers/default.py: 0
[2015-11-04 14:03:32] EDIT sb/controllers/default.py: 0
[2015-11-04 14:03:43] EDIT sb/controllers/default.py: 0
[2015-11-04 14:03:48] EDIT sb/controllers/default.py: 0
[2015-11-04 14:05:25] EDIT sb/controllers/default.py: 0
[2015-11-04 14:06:28] EDIT sb/controllers/default.py: 0
[2015-11-04 14:09:08] EDIT sb/controllers/default.py: 1
[2015-11-04 14:09:54] EDIT sb/controllers/default.py: 2
[2015-11-04 14:10:24] EDIT sb/controllers/default.py: 0
[2015-11-04 14:10:34] EDIT sb/controllers/default.py: 0
[2015-11-04 14:11:43] EDIT sb/controllers/default.py: 0
[2015-11-04 14:11:47] EDIT sb/controllers/default.py: 0
[2015-11-04 14:11:56] EDIT sb/controllers/default.py: 0
[2015-11-04 14:59:19] EDIT sb/controllers/default.py: -2
[2015-11-04 15:49:14] EDIT sb/controllers/default.py: 3
[2015-11-04 15:53:15] EDIT sb/controllers/default.py: 1
[2015-11-04 15:56:49] EDIT sb/controllers/default.py: 1
[2015-11-04 15:57:15] EDIT sb/controllers/default.py: 1
[2015-11-04 15:57:53] EDIT sb/controllers/default.py: 0
[2015-11-04 15:58:50] EDIT sb/controllers/default.py: 1
[2015-11-04 15:59:10] EDIT sb/controllers/default.py: 1
[2015-11-04 16:12:59] EDIT sb/controllers/default.py: 0
[2015-11-04 16:15:36] EDIT sb/controllers/default.py: -1
[2015-11-04 16:16:07] EDIT sb/controllers/default.py: 1
[2015-11-04 16:16:34] EDIT sb/controllers/default.py: 0
[2015-11-04 16:18:58] EDIT sb/controllers/default.py: 1
[2015-11-04 16:19:08] EDIT sb/controllers/default.py: -1
[2015-11-04 18:41:42] EDIT sb/controllers/default.py: 3
[2015-11-04 18:44:34] EDIT sb/controllers/default.py: -1
[2015-11-04 18:45:47] EDIT sb/controllers/default.py: 3
[2015-11-04 18:46:00] EDIT sb/controllers/default.py: 1
[2015-11-04 18:46:59] EDIT sb/controllers/default.py: 1
[2015-11-04 18:48:00] EDIT sb/controllers/default.py: -3
[2015-11-04 18:48:26] EDIT sb/controllers/default.py: 1
[2015-11-04 18:48:42] EDIT sb/controllers/default.py: 0
[2015-11-04 18:50:14] EDIT sb/controllers/default.py: 2
[2015-11-04 18:51:39] EDIT sb/controllers/default.py: 1
[2015-11-04 18:51:50] EDIT sb/controllers/default.py: 0
[2015-11-04 18:52:05] EDIT sb/controllers/default.py: 0
[2015-11-04 18:53:33] EDIT sb/controllers/default.py: -2
[2015-11-04 18:54:28] EDIT sb/controllers/default.py: 0
[2015-11-04 18:54:54] EDIT sb/controllers/default.py: 2
[2015-11-04 18:56:12] EDIT sb/controllers/default.py: -1
[2015-11-04 18:56:20] EDIT sb/controllers/default.py: 0
[2015-11-04 18:56:42] EDIT sb/controllers/default.py: 0
[2015-11-04 18:56:49] EDIT sb/controllers/default.py: -2
[2015-11-04 18:57:53] EDIT sb/controllers/default.py: 0
[2015-11-04 19:03:24] EDIT sb/controllers/default.py: 3
[2015-11-04 19:04:05] EDIT sb/controllers/default.py: -1
[2015-11-04 19:04:55] EDIT sb/controllers/default.py: -1
[2015-11-04 21:42:38] EDIT sb/controllers/default.py: 0
[2015-11-04 21:43:26] EDIT sb/controllers/default.py: 0
[2015-11-04 21:43:51] EDIT sb/controllers/default.py: 1
[2015-11-04 21:45:42] EDIT sb/controllers/default.py: 1
[2015-11-04 21:46:37] EDIT sb/controllers/default.py: -2
[2015-11-04 21:56:13] EDIT sb/controllers/default.py: 3
[2015-11-04 21:57:05] EDIT sb/controllers/default.py: 0
[2015-11-04 21:57:29] EDIT sb/controllers/default.py: 1
[2015-11-04 21:58:13] EDIT sb/controllers/default.py: -1
[2015-11-04 21:59:54] EDIT sb/controllers/default.py: 4
[2015-11-05 00:29:18] EDIT sb/controllers/default.py: 1
[2015-11-05 00:29:27] EDIT sb/controllers/default.py: 0
[2015-11-05 00:30:19] EDIT sb/controllers/default.py: 0
[2015-11-05 00:33:34] EDIT sb/controllers/default.py: 0
[2015-11-05 00:33:41] EDIT sb/controllers/default.py: 0
[2015-11-05 00:34:27] EDIT sb/controllers/default.py: 1
[2015-11-05 14:34:04] EDIT sb/controllers/default.py: 2
[2015-11-05 14:34:34] EDIT sb/controllers/default.py: 0
[2015-11-05 15:37:02] EDIT sb/controllers/default.py: 0
[2015-11-05 18:01:50] EDIT sb/controllers/default.py: -1
[2015-11-05 18:02:55] EDIT sb/controllers/default.py: 3
[2015-11-05 18:03:33] EDIT sb/controllers/default.py: 1
[2015-11-05 18:04:06] EDIT sb/controllers/default.py: 1
[2015-11-05 18:04:35] EDIT sb/controllers/default.py: 0
[2015-11-05 18:04:44] EDIT sb/controllers/default.py: 0
[2015-11-05 18:05:07] EDIT sb/controllers/default.py: 0
[2015-11-05 18:05:34] EDIT sb/controllers/default.py: 1
[2015-11-05 18:12:03] EDIT sb/controllers/default.py: 1
[2015-11-05 18:12:28] EDIT sb/controllers/default.py: 0
[2015-11-05 18:13:10] EDIT sb/controllers/default.py: 0
[2015-11-05 18:14:55] EDIT sb/controllers/default.py: 0
[2015-11-05 18:15:10] EDIT sb/controllers/default.py: 0
[2015-11-05 18:21:38] EDIT sb/controllers/default.py: 0
[2015-11-05 18:21:53] EDIT sb/controllers/default.py: 0
[2015-11-05 18:23:37] EDIT sb/controllers/default.py: 1
[2015-11-05 18:23:53] EDIT sb/controllers/default.py: 0
[2015-11-05 18:24:09] EDIT sb/controllers/default.py: 0
[2015-11-05 18:25:28] EDIT sb/controllers/default.py: 0
[2015-11-05 18:25:38] EDIT sb/controllers/default.py: 0
[2015-11-05 18:25:42] EDIT sb/controllers/default.py: 0
[2015-11-05 18:27:39] EDIT sb/controllers/default.py: 0
[2015-11-05 18:27:45] EDIT sb/controllers/default.py: -1
[2015-11-05 18:27:58] EDIT sb/controllers/default.py: 1
[2015-11-05 18:28:15] EDIT sb/controllers/default.py: 0
[2015-11-05 18:28:25] EDIT sb/controllers/default.py: 0
[2015-11-05 18:28:40] EDIT sb/controllers/default.py: -1
[2015-11-05 18:29:07] EDIT sb/controllers/default.py: 0
[2015-11-05 18:31:51] EDIT sb/controllers/default.py: 0
[2015-11-05 18:32:03] EDIT sb/controllers/default.py: 1
[2015-11-05 18:32:08] EDIT sb/controllers/default.py: 0
[2015-11-05 18:32:39] EDIT sb/controllers/default.py: -1
[2015-11-05 18:32:53] EDIT sb/controllers/default.py: 0
[2015-11-05 18:40:56] EDIT sb/controllers/default.py: 1
[2015-11-05 18:41:01] EDIT sb/controllers/default.py: 0
[2015-11-05 18:41:24] EDIT sb/controllers/default.py: 0
[2015-11-05 18:44:19] EDIT sb/controllers/default.py: -5
[2015-11-05 18:51:39] EDIT sb/controllers/default.py: 1
[2015-11-05 18:52:40] EDIT sb/controllers/default.py: 1
[2015-11-05 18:53:22] EDIT sb/controllers/default.py: 1
[2015-11-05 18:53:59] EDIT sb/controllers/default.py: 0
[2015-11-05 18:54:06] EDIT sb/controllers/default.py: 0
[2015-11-05 18:54:26] EDIT sb/controllers/default.py: 1
[2015-11-05 18:55:13] EDIT sb/controllers/default.py: 0
[2015-11-05 18:55:37] EDIT sb/controllers/default.py: 1
[2015-11-05 18:56:01] EDIT sb/controllers/default.py: 1
[2015-11-05 18:57:00] EDIT sb/controllers/default.py: 0
[2015-11-05 18:57:06] EDIT sb/controllers/default.py: -1
[2015-11-05 19:00:30] EDIT sb/controllers/default.py: 0
[2015-11-05 19:01:30] EDIT sb/controllers/default.py: 0
[2015-11-05 19:02:06] EDIT sb/controllers/default.py: 0
[2015-11-05 19:02:12] EDIT sb/controllers/default.py: 0
[2015-11-05 19:02:49] EDIT sb/controllers/default.py: 0
[2015-11-05 19:03:27] EDIT sb/controllers/default.py: 0
[2015-11-05 19:04:15] EDIT sb/controllers/default.py: 0
[2015-11-05 19:05:32] EDIT sb/controllers/default.py: 0
[2015-11-05 19:08:35] EDIT sb/controllers/default.py: 0
[2015-11-05 19:08:59] EDIT sb/controllers/default.py: 0
[2015-11-05 19:10:19] EDIT sb/controllers/default.py: 0
[2015-11-05 19:37:16] EDIT sb/controllers/default.py: 0
[2015-11-05 19:37:51] EDIT sb/controllers/default.py: 0
[2015-11-05 19:38:23] EDIT sb/controllers/default.py: 0
[2015-11-05 19:39:33] EDIT sb/controllers/default.py: 1
[2015-11-05 19:40:07] EDIT sb/controllers/default.py: 1
[2015-11-05 19:40:12] EDIT sb/controllers/default.py: 0
[2015-11-05 19:40:18] EDIT sb/controllers/default.py: 0
[2015-11-05 19:40:33] EDIT sb/controllers/default.py: 0
[2015-11-05 19:40:37] EDIT sb/controllers/default.py: -1
[2015-11-05 19:41:25] EDIT sb/controllers/default.py: 1
[2015-11-05 19:41:31] EDIT sb/controllers/default.py: 0
[2015-11-05 19:42:22] EDIT sb/controllers/default.py: -1
[2015-11-05 19:42:39] EDIT sb/controllers/default.py: 1
[2015-11-05 19:42:47] EDIT sb/controllers/default.py: 0
[2015-11-05 19:43:07] EDIT sb/controllers/default.py: 0
[2015-11-05 19:43:29] EDIT sb/controllers/default.py: 1
[2015-11-05 19:43:40] EDIT sb/controllers/default.py: 0
[2015-11-05 19:43:55] EDIT sb/controllers/default.py: 1
[2015-11-05 19:44:09] EDIT sb/controllers/default.py: 0
[2015-11-05 19:44:52] EDIT sb/controllers/default.py: 0
[2015-11-05 19:45:06] EDIT sb/controllers/default.py: 0
[2015-11-05 19:45:11] EDIT sb/controllers/default.py: 0
[2015-11-05 19:46:48] EDIT sb/controllers/default.py: 1
[2015-11-05 19:46:54] EDIT sb/controllers/default.py: 0
[2015-11-05 19:47:27] EDIT sb/controllers/default.py: 1
[2015-11-05 19:47:36] EDIT sb/controllers/default.py: 0
[2015-11-05 19:47:43] EDIT sb/controllers/default.py: 0
[2015-11-05 19:48:09] EDIT sb/controllers/default.py: -1
[2015-11-05 19:48:32] EDIT sb/controllers/default.py: 2
[2015-11-05 19:55:43] EDIT sb/controllers/default.py: 0
[2015-11-05 19:56:44] EDIT sb/controllers/default.py: 0
[2015-11-05 19:57:08] EDIT sb/controllers/default.py: 0
[2015-11-05 19:58:36] EDIT sb/controllers/default.py: 0
[2015-11-05 19:58:38] EDIT sb/controllers/default.py: 0
[2015-11-05 19:58:58] EDIT sb/controllers/default.py: 0
[2015-11-05 19:59:09] EDIT sb/controllers/default.py: 0
[2015-11-05 19:59:44] EDIT sb/controllers/default.py: 0
[2015-11-05 19:59:56] EDIT sb/controllers/default.py: 2
[2015-11-05 20:00:13] EDIT sb/controllers/default.py: -2
[2015-11-05 20:01:29] EDIT sb/controllers/default.py: 1
[2015-11-05 20:01:32] EDIT sb/controllers/default.py: 0
[2015-11-05 20:01:43] EDIT sb/controllers/default.py: 0
[2015-11-05 20:02:14] EDIT sb/controllers/default.py: -1
[2015-11-05 20:03:03] EDIT sb/controllers/default.py: 1
[2015-11-05 20:03:25] EDIT sb/controllers/default.py: 0
[2015-11-06 13:35:32] EDIT sb/controllers/default.py: 1
[2015-11-06 13:35:39] EDIT sb/controllers/default.py: 0
[2015-11-06 13:35:42] EDIT sb/controllers/default.py: 0
[2015-11-06 13:35:47] EDIT sb/controllers/default.py: 0
[2015-11-06 13:37:20] EDIT sb/controllers/default.py: 1
[2015-11-06 13:37:44] EDIT sb/controllers/default.py: 0
[2015-11-06 13:37:57] EDIT sb/controllers/default.py: 1
[2015-11-06 13:38:10] EDIT sb/controllers/default.py: 0
[2015-11-06 13:39:10] EDIT sb/controllers/default.py: 1
[2015-11-06 13:39:23] EDIT sb/controllers/default.py: 1
[2015-11-06 13:41:08] EDIT sb/controllers/default.py: 1
[2015-11-06 13:41:14] EDIT sb/controllers/default.py: 0
[2015-11-06 13:41:32] EDIT sb/controllers/default.py: 0
[2015-11-06 13:41:51] EDIT sb/controllers/default.py: 0
[2015-11-06 13:41:56] EDIT sb/controllers/default.py: 0
[2015-11-06 13:45:17] EDIT sb/controllers/default.py: 0
[2015-11-06 13:45:58] EDIT sb/controllers/default.py: 0
[2015-11-06 13:46:26] EDIT sb/controllers/default.py: 0
[2015-11-06 13:47:30] EDIT sb/controllers/default.py: -3
[2015-11-06 13:48:36] EDIT sb/controllers/default.py: 0
[2015-11-06 13:49:02] EDIT sb/controllers/default.py: 1
[2015-11-06 13:49:35] EDIT sb/controllers/default.py: 0
[2015-11-06 13:50:36] EDIT sb/controllers/default.py: 0
[2015-11-06 13:50:56] EDIT sb/controllers/default.py: 0
[2015-11-06 13:51:39] EDIT sb/controllers/default.py: 0
[2015-11-06 13:53:28] EDIT sb/controllers/default.py: -1
[2015-11-06 13:58:24] EDIT sb/controllers/default.py: -1
[2015-11-06 13:58:52] EDIT sb/controllers/default.py: -1
[2015-11-06 13:59:18] EDIT sb/controllers/default.py: 1
[2015-11-06 14:00:22] EDIT sb/controllers/default.py: -1
[2015-11-06 14:00:53] EDIT sb/controllers/default.py: 1
[2015-11-06 14:03:04] EDIT sb/controllers/default.py: 2
[2015-11-06 14:03:44] EDIT sb/controllers/default.py: 1
[2015-11-06 14:04:13] EDIT sb/controllers/default.py: 1
[2015-11-06 14:04:59] EDIT sb/controllers/default.py: -1
[2015-11-06 14:05:08] EDIT sb/controllers/default.py: 0
[2015-11-06 15:52:23] EDIT sb/controllers/default.py: 3
[2015-11-06 15:53:17] EDIT sb/controllers/default.py: 2
[2015-11-06 17:12:27] EDIT sb/controllers/default.py: 2
[2015-11-06 17:13:30] EDIT sb/controllers/default.py: 1
[2015-11-06 17:14:32] EDIT sb/controllers/default.py: 0
[2015-11-06 17:15:57] EDIT sb/controllers/default.py: -1
[2015-11-06 17:16:19] EDIT sb/controllers/default.py: 1
[2015-11-06 17:16:31] EDIT sb/controllers/default.py: 0
[2015-11-06 17:16:50] EDIT sb/controllers/default.py: 3
[2015-11-06 17:17:42] EDIT sb/controllers/default.py: 1
[2015-11-06 17:17:59] EDIT sb/controllers/default.py: 0
[2015-11-06 17:18:18] EDIT sb/controllers/default.py: 0
[2015-11-06 17:19:27] EDIT sb/controllers/default.py: 3
[2015-11-06 17:20:33] EDIT sb/controllers/default.py: -1
[2015-11-06 17:20:49] EDIT sb/controllers/default.py: 0
[2015-11-06 17:20:55] EDIT sb/controllers/default.py: 0
[2015-11-06 17:22:03] EDIT sb/controllers/default.py: 0
[2015-11-06 17:23:23] EDIT sb/controllers/default.py: 7
[2015-11-06 17:23:53] EDIT sb/controllers/default.py: 0
[2015-11-06 17:24:47] EDIT sb/controllers/default.py: -5
[2015-11-06 17:26:16] EDIT sb/controllers/default.py: 2
[2015-11-06 17:26:26] EDIT sb/controllers/default.py: 0
[2015-11-06 17:27:08] EDIT sb/controllers/default.py: 0
[2015-11-06 17:27:11] EDIT sb/controllers/default.py: 0
[2015-11-06 17:29:01] EDIT sb/controllers/default.py: 3
[2015-11-06 17:29:05] EDIT sb/controllers/default.py: 0
[2015-11-06 17:29:22] EDIT sb/controllers/default.py: 1
[2015-11-06 17:29:53] EDIT sb/controllers/default.py: 0
[2015-11-06 17:30:32] EDIT sb/controllers/default.py: 1
[2015-11-06 17:30:41] EDIT sb/controllers/default.py: 0
[2015-11-06 17:30:53] EDIT sb/controllers/default.py: 0
[2015-11-06 17:30:59] EDIT sb/controllers/default.py: 0
[2015-11-06 17:31:51] EDIT sb/controllers/default.py: 0
[2015-11-06 17:31:56] EDIT sb/controllers/default.py: 0
[2015-11-06 17:32:06] EDIT sb/controllers/default.py: 0
[2015-11-06 17:32:27] EDIT sb/controllers/default.py: 1
[2015-11-06 17:33:38] EDIT sb/controllers/default.py: 0
[2015-11-06 17:36:41] EDIT sb/controllers/default.py: -1
[2015-11-06 17:37:03] EDIT sb/controllers/default.py: 0
[2015-11-06 17:37:21] EDIT sb/controllers/default.py: 0
[2015-11-06 17:37:42] EDIT sb/controllers/default.py: 1
[2015-11-06 17:38:00] EDIT sb/controllers/default.py: 1
[2015-11-06 17:39:08] EDIT sb/controllers/default.py: 2
[2015-11-06 17:53:01] EDIT sb/controllers/default.py: -5
[2015-11-06 17:53:14] EDIT sb/controllers/default.py: 0
[2015-11-06 17:54:50] EDIT sb/controllers/default.py: 1
[2015-11-06 17:55:05] EDIT sb/controllers/default.py: 0
[2015-11-06 17:55:23] EDIT sb/controllers/default.py: 0
[2015-11-06 17:56:03] EDIT sb/controllers/default.py: 0
[2015-11-06 17:56:09] EDIT sb/controllers/default.py: 0
[2015-11-06 18:05:28] EDIT sb/controllers/default.py: 2
[2015-11-06 18:06:22] EDIT sb/controllers/default.py: 1
[2015-11-06 18:06:56] EDIT sb/controllers/default.py: 0
[2015-11-06 18:07:01] EDIT sb/controllers/default.py: -1
[2015-11-06 18:07:14] EDIT sb/controllers/default.py: 0
[2015-11-06 18:07:24] EDIT sb/controllers/default.py: -2
[2015-11-06 18:08:34] EDIT sb/controllers/default.py: 1
[2015-11-06 18:08:37] EDIT sb/controllers/default.py: 0
[2015-11-06 18:11:51] EDIT sb/controllers/default.py: 2
[2015-11-06 18:12:29] EDIT sb/controllers/default.py: 1
[2015-11-06 18:12:34] EDIT sb/controllers/default.py: 0
[2015-11-06 18:12:41] EDIT sb/controllers/default.py: 0
[2015-11-06 18:12:48] EDIT sb/controllers/default.py: 0
[2015-11-06 18:12:54] EDIT sb/controllers/default.py: 0
[2015-11-06 18:12:58] EDIT sb/controllers/default.py: 0
[2015-11-06 18:14:24] EDIT sb/controllers/default.py: 1
[2015-11-06 18:14:40] EDIT sb/controllers/default.py: 0
[2015-11-06 18:15:03] EDIT sb/controllers/default.py: -1
[2015-11-06 18:16:00] EDIT sb/controllers/default.py: 2
[2015-11-06 18:16:42] EDIT sb/controllers/default.py: 0
[2015-11-06 18:17:39] EDIT sb/controllers/default.py: 0
[2015-11-06 18:18:02] EDIT sb/controllers/default.py: 1
[2015-11-06 18:18:09] EDIT sb/controllers/default.py: 0
[2015-11-06 18:18:26] EDIT sb/controllers/default.py: 0
[2015-11-06 18:19:15] EDIT sb/controllers/default.py: 0
[2015-11-06 18:19:21] EDIT sb/controllers/default.py: 0
[2015-11-06 18:20:11] EDIT sb/controllers/default.py: 3
[2015-11-06 18:20:28] EDIT sb/controllers/default.py: 0
[2015-11-06 18:21:09] EDIT sb/controllers/default.py: 1
[2015-11-06 18:21:41] EDIT sb/controllers/default.py: 0
[2015-11-06 18:21:54] EDIT sb/controllers/default.py: 0
[2015-11-06 18:22:05] EDIT sb/controllers/default.py: 0
[2015-11-06 18:25:07] EDIT sb/controllers/default.py: 1
[2015-11-06 18:25:36] EDIT sb/controllers/default.py: 0
[2015-11-06 18:25:41] EDIT sb/controllers/default.py: 0
[2015-11-06 18:26:07] EDIT sb/controllers/default.py: 2
[2015-11-06 18:27:04] EDIT sb/controllers/default.py: 0
[2015-11-06 18:27:15] EDIT sb/controllers/default.py: 0
[2015-11-06 18:28:46] EDIT sb/controllers/default.py: 1
[2015-11-06 18:29:08] EDIT sb/controllers/default.py: -2
[2015-11-06 18:29:25] EDIT sb/controllers/default.py: 1
[2015-11-06 18:30:31] EDIT sb/controllers/default.py: 3
[2015-11-06 18:31:22] EDIT sb/controllers/default.py: -1
[2015-11-06 18:31:43] EDIT sb/controllers/default.py: 0
[2015-11-06 18:32:22] EDIT sb/controllers/default.py: 2
[2015-11-06 18:33:15] EDIT sb/controllers/default.py: 2
[2015-11-06 18:33:27] EDIT sb/controllers/default.py: 0
[2015-11-06 18:34:02] EDIT sb/controllers/default.py: 0
[2015-11-06 18:34:27] EDIT sb/controllers/default.py: 0
[2015-11-06 18:34:59] EDIT sb/controllers/default.py: 0
[2015-11-06 18:35:38] EDIT sb/controllers/default.py: 0
[2015-11-06 18:36:29] EDIT sb/controllers/default.py: 0
[2015-11-06 18:37:07] EDIT sb/controllers/default.py: 0
[2015-11-06 18:37:10] EDIT sb/controllers/default.py: 0
[2015-11-06 18:37:18] EDIT sb/controllers/default.py: 0
[2015-11-06 20:24:24] EDIT sb/controllers/default.py: 0
[2015-11-06 20:24:58] EDIT sb/controllers/default.py: 0
[2015-11-06 20:27:09] EDIT sb/controllers/default.py: 0
[2015-11-06 20:27:17] EDIT sb/controllers/default.py: -1
[2015-11-06 20:27:36] EDIT sb/controllers/default.py: -3
[2015-11-06 20:27:52] EDIT sb/controllers/default.py: 0
[2015-11-06 19:23:06] EDIT sb/controllers/default.py: 1
[2015-11-06 19:29:11] EDIT sb/controllers/default.py: 1
[2015-11-06 19:29:32] EDIT sb/controllers/default.py: 0
[2015-11-06 19:29:33] EDIT sb/controllers/default.py: 0
[2015-11-06 19:33:05] EDIT sb/controllers/default.py: 1
[2015-11-06 19:33:30] EDIT sb/controllers/default.py: 0
[2015-11-06 19:41:15] EDIT sb/controllers/default.py: 0
[2015-11-06 19:41:39] EDIT sb/controllers/default.py: -1
[2015-11-06 19:42:36] EDIT sb/controllers/default.py: 1
[2015-11-06 19:42:43] EDIT sb/controllers/default.py: 0
[2015-11-06 19:43:26] EDIT sb/controllers/default.py: 0
[2015-11-07 11:09:02] EDIT sb/controllers/default.py: 0
[2015-11-07 11:09:41] EDIT sb/controllers/default.py: -1
[2015-11-07 11:10:05] EDIT sb/controllers/default.py: 0
[2015-11-07 11:12:49] EDIT sb/controllers/default.py: 1
[2015-11-07 11:13:28] EDIT sb/controllers/default.py: 0
[2015-11-07 11:25:43] EDIT sb/controllers/default.py: 1
[2015-11-07 11:25:57] EDIT sb/controllers/default.py: 0
[2015-11-07 11:26:04] EDIT sb/controllers/default.py: 0
[2015-11-07 11:26:18] EDIT sb/controllers/default.py: 0
[2015-11-07 11:26:37] EDIT sb/controllers/default.py: 0
[2015-11-07 11:27:08] EDIT sb/controllers/default.py: 0
[2015-11-07 11:28:11] EDIT sb/controllers/default.py: 1
[2015-11-07 11:29:49] EDIT sb/controllers/default.py: -1
[2015-11-07 11:57:12] EDIT sb/controllers/default.py: 0
[2015-11-07 11:58:00] EDIT sb/controllers/default.py: 1
[2015-11-07 11:59:40] EDIT sb/controllers/default.py: 0
[2015-11-07 12:00:08] EDIT sb/controllers/default.py: 0
[2015-11-07 12:01:19] EDIT sb/controllers/default.py: 1
[2015-11-07 12:01:28] EDIT sb/controllers/default.py: 0
[2015-11-07 12:01:44] EDIT sb/controllers/default.py: 0
[2015-11-07 12:02:44] EDIT sb/controllers/default.py: 0
[2015-11-07 12:02:48] EDIT sb/controllers/default.py: 0
[2015-11-07 12:02:57] EDIT sb/controllers/default.py: 2
[2015-11-07 12:03:14] EDIT sb/controllers/default.py: 0
[2015-11-07 12:03:22] EDIT sb/controllers/default.py: 0
[2015-11-07 12:04:09] EDIT sb/controllers/default.py: 1
[2015-11-07 12:06:29] EDIT sb/controllers/default.py: -2
[2015-11-07 12:06:38] EDIT sb/controllers/default.py: 1
[2015-11-07 12:09:14] EDIT sb/controllers/default.py: -2
[2015-11-07 12:09:23] EDIT sb/controllers/default.py: -1
[2015-11-07 12:10:00] EDIT sb/controllers/default.py: 0
[2015-11-07 12:10:19] EDIT sb/controllers/default.py: 0
[2015-11-07 12:10:56] EDIT sb/controllers/default.py: 3
[2015-11-07 12:11:02] EDIT sb/controllers/default.py: 0
[2015-11-07 12:11:09] EDIT sb/controllers/default.py: 1
[2015-11-07 12:11:14] EDIT sb/controllers/default.py: 0
[2015-11-07 12:11:28] EDIT sb/controllers/default.py: 0
[2015-11-07 12:11:59] EDIT sb/controllers/default.py: 0
[2015-11-07 12:12:18] EDIT sb/controllers/default.py: 0
[2015-11-07 12:45:31] EDIT sb/controllers/default.py: -4
[2015-11-07 12:45:53] EDIT sb/controllers/default.py: 0
[2015-11-07 12:46:10] EDIT sb/controllers/default.py: -3
[2015-11-07 12:46:47] EDIT sb/controllers/default.py: 1
[2015-11-07 12:47:04] EDIT sb/controllers/default.py: 0
[2015-11-07 12:47:13] EDIT sb/controllers/default.py: 0
[2015-11-07 12:47:46] EDIT sb/controllers/default.py: 0
[2015-11-07 12:48:06] EDIT sb/controllers/default.py: -1
[2015-11-07 12:50:00] EDIT sb/controllers/default.py: 1
[2015-11-07 12:50:06] EDIT sb/controllers/default.py: 0
[2015-11-07 12:50:15] EDIT sb/controllers/default.py: 0
[2015-11-07 12:50:31] EDIT sb/controllers/default.py: -1
[2015-11-07 12:50:38] EDIT sb/controllers/default.py: 0
